\BOOKMARK [0][-]{section*.2}{Exploring Monte-Carlo-integration techniques in Bayesian model selection}{}% 2
\BOOKMARK [1][-]{section*.1}{Abstract}{section*.2}% 1
\BOOKMARK [1][-]{section*.3}{Introduction}{section*.2}% 3
\BOOKMARK [1][-]{section*.4}{Theory}{section*.2}% 4
\BOOKMARK [2][-]{section*.5}{Bayes' Theorem}{section*.4}% 5
\BOOKMARK [2][-]{section*.6}{Parameter estimation}{section*.4}% 6
\BOOKMARK [2][-]{section*.7}{Model comparison}{section*.4}% 7
\BOOKMARK [3][-]{section*.8}{Bayes Factor}{section*.7}% 8
\BOOKMARK [3][-]{section*.10}{Bayes Complexity}{section*.7}% 9
\BOOKMARK [1][-]{section*.11}{Methods}{section*.2}% 10
\BOOKMARK [2][-]{section*.12}{Monte-Carlo Sampling}{section*.11}% 11
\BOOKMARK [2][-]{section*.13}{Metropolis-Hastings Algorithm}{section*.11}% 12
\BOOKMARK [2][-]{section*.14}{Sequential Monte Carlo \(SMC\)}{section*.11}% 13
\BOOKMARK [2][-]{section*.15}{Savage Dickey Density Ration \(SDDR\)}{section*.11}% 14
\BOOKMARK [1][-]{section*.16}{Examples}{section*.2}% 15
\BOOKMARK [2][-]{section*.17}{Betabinomial example \(coin flip\)}{section*.16}% 16
\BOOKMARK [3][-]{section*.18}{Analytical approach}{section*.17}% 17
\BOOKMARK [3][-]{section*.20}{Numerical approach}{section*.17}% 18
\BOOKMARK [2][-]{section*.22}{Fitting a polynomial of unknown degree}{section*.16}% 19
\BOOKMARK [3][-]{section*.24}{Bayes-factor via SMC}{section*.22}% 20
\BOOKMARK [3][-]{section*.26}{Bayes-factor via SDDR}{section*.22}% 21
\BOOKMARK [3][-]{section*.29}{Bayes-Complexity}{section*.22}% 22
\BOOKMARK [1][-]{section*.30}{Discussion}{section*.2}% 23
\BOOKMARK [1][-]{section*.31}{Summary}{section*.2}% 24
\BOOKMARK [1][-]{section*.32}{Appendix}{section*.2}% 25
\BOOKMARK [1][-]{section*.33}{References}{section*.2}% 26
